Determining if the function rand_s exists failed with the following output:
Change Dir: /homes/bsang/My_Disk/Research/Topic/Full-Context/Mace/mace-fullcontext/builds/CMakeFiles/CMakeTmp

Run Build Command:/usr/bin/gmake "cmTryCompileExec/fast"
/usr/bin/gmake -f CMakeFiles/cmTryCompileExec.dir/build.make CMakeFiles/cmTryCompileExec.dir/build
gmake[1]: Entering directory `/u/u24/bsang/My_Disk/Research/Topic/Full-Context/Mace/mace-fullcontext/builds/CMakeFiles/CMakeTmp'
/usr/bin/cmake -E cmake_progress_report /homes/bsang/My_Disk/Research/Topic/Full-Context/Mace/mace-fullcontext/builds/CMakeFiles/CMakeTmp/CMakeFiles 1
Building C object CMakeFiles/cmTryCompileExec.dir/CheckFunctionExists.c.o
/usr/bin/gcc   -DCHECK_FUNCTION_EXISTS=rand_s   -o CMakeFiles/cmTryCompileExec.dir/CheckFunctionExists.c.o   -c /usr/share/cmake/Modules/CheckFunctionExists.c
Linking C executable cmTryCompileExec
/usr/bin/cmake -E cmake_link_script CMakeFiles/cmTryCompileExec.dir/link.txt --verbose=1
/usr/bin/gcc     -DCHECK_FUNCTION_EXISTS=rand_s   CMakeFiles/cmTryCompileExec.dir/CheckFunctionExists.c.o  -o cmTryCompileExec -rdynamic 
CMakeFiles/cmTryCompileExec.dir/CheckFunctionExists.c.o: In function `main':
CheckFunctionExists.c:(.text+0x15): undefined reference to `rand_s'
collect2: ld returned 1 exit status
gmake[1]: *** [cmTryCompileExec] Error 1
gmake[1]: Leaving directory `/u/u24/bsang/My_Disk/Research/Topic/Full-Context/Mace/mace-fullcontext/builds/CMakeFiles/CMakeTmp'
gmake: *** [cmTryCompileExec/fast] Error 2


Determining if the function _cwait exists failed with the following output:
Change Dir: /homes/bsang/My_Disk/Research/Topic/Full-Context/Mace/mace-fullcontext/builds/CMakeFiles/CMakeTmp

Run Build Command:/usr/bin/gmake "cmTryCompileExec/fast"
/usr/bin/gmake -f CMakeFiles/cmTryCompileExec.dir/build.make CMakeFiles/cmTryCompileExec.dir/build
gmake[1]: Entering directory `/u/u24/bsang/My_Disk/Research/Topic/Full-Context/Mace/mace-fullcontext/builds/CMakeFiles/CMakeTmp'
/usr/bin/cmake -E cmake_progress_report /homes/bsang/My_Disk/Research/Topic/Full-Context/Mace/mace-fullcontext/builds/CMakeFiles/CMakeTmp/CMakeFiles 1
Building C object CMakeFiles/cmTryCompileExec.dir/CheckFunctionExists.c.o
/usr/bin/gcc   -DCHECK_FUNCTION_EXISTS=_cwait   -o CMakeFiles/cmTryCompileExec.dir/CheckFunctionExists.c.o   -c /usr/share/cmake/Modules/CheckFunctionExists.c
Linking C executable cmTryCompileExec
/usr/bin/cmake -E cmake_link_script CMakeFiles/cmTryCompileExec.dir/link.txt --verbose=1
/usr/bin/gcc     -DCHECK_FUNCTION_EXISTS=_cwait   CMakeFiles/cmTryCompileExec.dir/CheckFunctionExists.c.o  -o cmTryCompileExec -rdynamic 
CMakeFiles/cmTryCompileExec.dir/CheckFunctionExists.c.o: In function `main':
CheckFunctionExists.c:(.text+0x15): undefined reference to `_cwait'
collect2: ld returned 1 exit status
gmake[1]: *** [cmTryCompileExec] Error 1
gmake[1]: Leaving directory `/u/u24/bsang/My_Disk/Research/Topic/Full-Context/Mace/mace-fullcontext/builds/CMakeFiles/CMakeTmp'
gmake: *** [cmTryCompileExec/fast] Error 2


Determining if the function _pipe exists failed with the following output:
Change Dir: /homes/bsang/My_Disk/Research/Topic/Full-Context/Mace/mace-fullcontext/builds/CMakeFiles/CMakeTmp

Run Build Command:/usr/bin/gmake "cmTryCompileExec/fast"
/usr/bin/gmake -f CMakeFiles/cmTryCompileExec.dir/build.make CMakeFiles/cmTryCompileExec.dir/build
gmake[1]: Entering directory `/u/u24/bsang/My_Disk/Research/Topic/Full-Context/Mace/mace-fullcontext/builds/CMakeFiles/CMakeTmp'
/usr/bin/cmake -E cmake_progress_report /homes/bsang/My_Disk/Research/Topic/Full-Context/Mace/mace-fullcontext/builds/CMakeFiles/CMakeTmp/CMakeFiles 1
Building C object CMakeFiles/cmTryCompileExec.dir/CheckFunctionExists.c.o
/usr/bin/gcc   -DCHECK_FUNCTION_EXISTS=_pipe   -o CMakeFiles/cmTryCompileExec.dir/CheckFunctionExists.c.o   -c /usr/share/cmake/Modules/CheckFunctionExists.c
Linking C executable cmTryCompileExec
/usr/bin/cmake -E cmake_link_script CMakeFiles/cmTryCompileExec.dir/link.txt --verbose=1
/usr/bin/gcc     -DCHECK_FUNCTION_EXISTS=_pipe   CMakeFiles/cmTryCompileExec.dir/CheckFunctionExists.c.o  -o cmTryCompileExec -rdynamic 
CMakeFiles/cmTryCompileExec.dir/CheckFunctionExists.c.o: In function `main':
CheckFunctionExists.c:(.text+0x15): undefined reference to `_pipe'
collect2: ld returned 1 exit status
gmake[1]: *** [cmTryCompileExec] Error 1
gmake[1]: Leaving directory `/u/u24/bsang/My_Disk/Research/Topic/Full-Context/Mace/mace-fullcontext/builds/CMakeFiles/CMakeTmp'
gmake: *** [cmTryCompileExec/fast] Error 2


Determining if the function rand_s exists failed with the following output:
Change Dir: /homes/bsang/My_Disk/Research/Topic/Full-Context/Mace/mace-fullcontext/builds/CMakeFiles/CMakeTmp

Run Build Command:/usr/bin/gmake "cmTryCompileExec/fast"
/usr/bin/gmake -f CMakeFiles/cmTryCompileExec.dir/build.make CMakeFiles/cmTryCompileExec.dir/build
gmake[1]: Entering directory `/u/u24/bsang/My_Disk/Research/Topic/Full-Context/Mace/mace-fullcontext/builds/CMakeFiles/CMakeTmp'
/usr/bin/cmake -E cmake_progress_report /homes/bsang/My_Disk/Research/Topic/Full-Context/Mace/mace-fullcontext/builds/CMakeFiles/CMakeTmp/CMakeFiles 1
Building C object CMakeFiles/cmTryCompileExec.dir/CheckFunctionExists.c.o
/usr/bin/gcc   -DCHECK_FUNCTION_EXISTS=rand_s   -o CMakeFiles/cmTryCompileExec.dir/CheckFunctionExists.c.o   -c /usr/share/cmake/Modules/CheckFunctionExists.c
Linking C executable cmTryCompileExec
/usr/bin/cmake -E cmake_link_script CMakeFiles/cmTryCompileExec.dir/link.txt --verbose=1
/usr/bin/gcc     -DCHECK_FUNCTION_EXISTS=rand_s   CMakeFiles/cmTryCompileExec.dir/CheckFunctionExists.c.o  -o cmTryCompileExec -rdynamic 
CMakeFiles/cmTryCompileExec.dir/CheckFunctionExists.c.o: In function `main':
CheckFunctionExists.c:(.text+0x15): undefined reference to `rand_s'
collect2: ld returned 1 exit status
gmake[1]: *** [cmTryCompileExec] Error 1
gmake[1]: Leaving directory `/u/u24/bsang/My_Disk/Research/Topic/Full-Context/Mace/mace-fullcontext/builds/CMakeFiles/CMakeTmp'
gmake: *** [cmTryCompileExec/fast] Error 2


Determining if the function _cwait exists failed with the following output:
Change Dir: /homes/bsang/My_Disk/Research/Topic/Full-Context/Mace/mace-fullcontext/builds/CMakeFiles/CMakeTmp

Run Build Command:/usr/bin/gmake "cmTryCompileExec/fast"
/usr/bin/gmake -f CMakeFiles/cmTryCompileExec.dir/build.make CMakeFiles/cmTryCompileExec.dir/build
gmake[1]: Entering directory `/u/u24/bsang/My_Disk/Research/Topic/Full-Context/Mace/mace-fullcontext/builds/CMakeFiles/CMakeTmp'
/usr/bin/cmake -E cmake_progress_report /homes/bsang/My_Disk/Research/Topic/Full-Context/Mace/mace-fullcontext/builds/CMakeFiles/CMakeTmp/CMakeFiles 1
Building C object CMakeFiles/cmTryCompileExec.dir/CheckFunctionExists.c.o
/usr/bin/gcc   -DCHECK_FUNCTION_EXISTS=_cwait   -o CMakeFiles/cmTryCompileExec.dir/CheckFunctionExists.c.o   -c /usr/share/cmake/Modules/CheckFunctionExists.c
Linking C executable cmTryCompileExec
/usr/bin/cmake -E cmake_link_script CMakeFiles/cmTryCompileExec.dir/link.txt --verbose=1
/usr/bin/gcc     -DCHECK_FUNCTION_EXISTS=_cwait   CMakeFiles/cmTryCompileExec.dir/CheckFunctionExists.c.o  -o cmTryCompileExec -rdynamic 
CMakeFiles/cmTryCompileExec.dir/CheckFunctionExists.c.o: In function `main':
CheckFunctionExists.c:(.text+0x15): undefined reference to `_cwait'
collect2: ld returned 1 exit status
gmake[1]: *** [cmTryCompileExec] Error 1
gmake[1]: Leaving directory `/u/u24/bsang/My_Disk/Research/Topic/Full-Context/Mace/mace-fullcontext/builds/CMakeFiles/CMakeTmp'
gmake: *** [cmTryCompileExec/fast] Error 2


Determining if the function _pipe exists failed with the following output:
Change Dir: /homes/bsang/My_Disk/Research/Topic/Full-Context/Mace/mace-fullcontext/builds/CMakeFiles/CMakeTmp

Run Build Command:/usr/bin/gmake "cmTryCompileExec/fast"
/usr/bin/gmake -f CMakeFiles/cmTryCompileExec.dir/build.make CMakeFiles/cmTryCompileExec.dir/build
gmake[1]: Entering directory `/u/u24/bsang/My_Disk/Research/Topic/Full-Context/Mace/mace-fullcontext/builds/CMakeFiles/CMakeTmp'
/usr/bin/cmake -E cmake_progress_report /homes/bsang/My_Disk/Research/Topic/Full-Context/Mace/mace-fullcontext/builds/CMakeFiles/CMakeTmp/CMakeFiles 1
Building C object CMakeFiles/cmTryCompileExec.dir/CheckFunctionExists.c.o
/usr/bin/gcc   -DCHECK_FUNCTION_EXISTS=_pipe   -o CMakeFiles/cmTryCompileExec.dir/CheckFunctionExists.c.o   -c /usr/share/cmake/Modules/CheckFunctionExists.c
Linking C executable cmTryCompileExec
/usr/bin/cmake -E cmake_link_script CMakeFiles/cmTryCompileExec.dir/link.txt --verbose=1
/usr/bin/gcc     -DCHECK_FUNCTION_EXISTS=_pipe   CMakeFiles/cmTryCompileExec.dir/CheckFunctionExists.c.o  -o cmTryCompileExec -rdynamic 
CMakeFiles/cmTryCompileExec.dir/CheckFunctionExists.c.o: In function `main':
CheckFunctionExists.c:(.text+0x15): undefined reference to `_pipe'
collect2: ld returned 1 exit status
gmake[1]: *** [cmTryCompileExec] Error 1
gmake[1]: Leaving directory `/u/u24/bsang/My_Disk/Research/Topic/Full-Context/Mace/mace-fullcontext/builds/CMakeFiles/CMakeTmp'
gmake: *** [cmTryCompileExec/fast] Error 2


